2020-03-28 18:16:35 INFO  CLIService:19 - <<Initialize screen interface
2020-03-28 18:16:35 INFO  CLIService:49 - ParceInput
2020-03-28 18:16:44 INFO  CLIService:71 - << inputOutputService
2020-03-28 18:16:44 INFO  CLIService:71 - << inputOutputService
2020-03-28 18:16:44 INFO  CLIService:49 - ParceInput
2020-03-28 18:16:47 INFO  CLIService:71 - << inputOutputService
2020-03-28 18:16:47 INFO  CLIService:71 - << inputOutputService
2020-03-28 18:16:47 INFO  CLIService:49 - ParceInput
2020-03-28 18:16:52 INFO  CLIService:71 - << inputOutputService
2020-03-28 18:16:52 INFO  CLIService:71 - << inputOutputService
2020-03-28 18:16:52 INFO  CLIService:11 - Invalid command 
2020-03-28 18:16:52 INFO  CLIService:58 - Error in application
2020-03-28 18:16:52 INFO  CLIService:49 - ParceInput
2020-03-28 18:16:55 INFO  CLIService:71 - << inputOutputService
2020-03-28 18:16:55 INFO  CLIService:71 - << inputOutputService
2020-03-28 18:16:55 INFO  CLIService:71 - << inputOutputService
2020-03-28 18:16:55 INFO  CLIService:49 - ParceInput
2020-03-28 18:16:58 INFO  CLIService:71 - << inputOutputService
2020-03-28 18:16:58 INFO  CLIService:71 - << inputOutputService
2020-03-28 18:16:58 INFO  CLIService:49 - ParceInput
2020-03-28 18:17:01 INFO  CLIService:71 - << inputOutputService
2020-03-28 18:17:01 INFO  CLIService:71 - << inputOutputService
2020-03-28 18:17:02 INFO  CLIService:49 - ParceInput
2020-03-28 18:17:13 INFO  CLIService:71 - << inputOutputService
